2024-07-11 12:04:10,064 - bot.middlewares.logging_middleware - INFO - User 5050150433 (hojiakbar_0628) sent a message: {'user_id': 5050150433, 'username': 'hojiakbar_0628', 'message_id': 1089, 'chat_id': 5050150433, 'content': '/start'}
2024-07-11 12:04:10,418 - bot.middlewares.logging_middleware - INFO - 5050150433 hojiakbar_0628 is ChatMemberStatus.MEMBER
2024-07-11 12:05:52,684 - bot.middlewares.logging_middleware - INFO - User 5050150433 (hojiakbar_0628) sent a message: {'user_id': 5050150433, 'username': 'hojiakbar_0628', 'message_id': 1090, 'chat_id': 5050150433, 'content': '/start'}
2024-07-11 12:05:53,040 - bot.middlewares.logging_middleware - INFO - 5050150433 hojiakbar_0628 is ChatMemberStatus.MEMBER
2024-07-11 12:06:47,792 - bot.middlewares.logging_middleware - INFO - User 5050150433 (hojiakbar_0628) sent a message: {'user_id': 5050150433, 'username': 'hojiakbar_0628', 'message_id': 1091, 'chat_id': 5050150433, 'content': '/start'}
2024-07-11 12:06:48,137 - bot.middlewares.logging_middleware - INFO - 5050150433 hojiakbar_0628 is ChatMemberStatus.MEMBER
2024-07-11 12:12:24,037 - bot.middlewares.logging_middleware - INFO - User 5050150433 (hojiakbar_0628) sent a message: {'user_id': 5050150433, 'username': 'hojiakbar_0628', 'message_id': 1092, 'chat_id': 5050150433, 'content': '/start'}
2024-07-11 12:12:24,382 - bot.middlewares.logging_middleware - INFO - 5050150433 hojiakbar_0628 is ChatMemberStatus.MEMBER
2024-07-11 12:12:37,034 - bot.middlewares.logging_middleware - INFO - User 5050150433 (hojiakbar_0628) sent a message: {'user_id': 5050150433, 'username': 'hojiakbar_0628', 'message_id': 1093, 'chat_id': 5050150433, 'content': '/get_weather'}
2024-07-11 12:13:00,765 - bot.middlewares.logging_middleware - INFO - User 5050150433 (hojiakbar_0628) sent a message: {'user_id': 5050150433, 'username': 'hojiakbar_0628', 'message_id': 1095, 'chat_id': 5050150433, 'content': 'No text', 'latitude': 39.250534, 'longitude': 64.214028}
2024-07-11 12:13:01,937 - bot.middlewares.logging_middleware - INFO - Location: Eski Bukhoro Uzbekistan
2024-07-11 12:13:01,936 - bot.middlewares.logging_middleware - INFO - Request URL: https://weatherapi-com.p.rapidapi.com/current.json?q=39.250534,64.214028 its <200>
2024-07-11 12:17:38,359 - bot.middlewares.logging_middleware - INFO - User 5050150433 (hojiakbar_0628) sent a message: {'user_id': 5050150433, 'username': 'hojiakbar_0628', 'message_id': 1098, 'chat_id': 5050150433, 'content': '/get_weather'}
2024-07-11 12:17:41,979 - bot.middlewares.logging_middleware - INFO - User 5050150433 (hojiakbar_0628) sent a message: {'user_id': 5050150433, 'username': 'hojiakbar_0628', 'message_id': 1100, 'chat_id': 5050150433, 'content': 'No text', 'latitude': 39.250534, 'longitude': 64.214028}
2024-07-11 12:17:43,092 - bot.middlewares.logging_middleware - INFO - Location <hojiakbar_0628>: Eski Bukhoro Uzbekistan
2024-07-11 12:17:43,093 - bot.middlewares.logging_middleware - INFO - Request URL: https://weatherapi-com.p.rapidapi.com/current.json?q=39.250534,64.214028 it's <200>
2024-07-11 12:21:02,056 - bot.middlewares.logging_middleware - INFO - User: {'user_id': 5050150433, 'username': 'hojiakbar_0628', 'message_id': 1103, 'chat_id': 5050150433, 'content': '/start'}
2024-07-11 12:21:02,407 - bot.middlewares.logging_middleware - INFO - 5050150433 hojiakbar_0628 is ChatMemberStatus.MEMBER
2024-07-11 12:21:58,819 - bot.middlewares.logging_middleware - INFO - User: {'user_id': 5050150433, 'username': 'hojiakbar_0628', 'message_id': 1104, 'chat_id': 5050150433, 'content': '/get_weather'}
2024-07-11 12:22:22,645 - bot.middlewares.logging_middleware - INFO - User: {'user_id': 5050150433, 'username': 'hojiakbar_0628', 'message_id': 1106, 'chat_id': 5050150433, 'content': 'No text', 'latitude': 40.768626, 'longitude': 69.730358}
2024-07-11 12:22:23,897 - bot.middlewares.logging_middleware - INFO - hojiakbar_0628: Olmaliq Toshkent Uzbekistan
2024-07-11 12:22:23,898 - bot.middlewares.logging_middleware - INFO - Request: https://weatherapi-com.p.rapidapi.com/current.json?q=40.768626,69.730358 it's <200>
2024-07-11 14:24:07,591 - bot.middlewares.logging_middleware - INFO - User: {'username': 'hojiakbar_0628', 'user_id': 5050150433, 'chat_id': 5050150433, 'message_id': 1110, 'content': '/get_weather'}
2024-07-11 14:24:31,423 - bot.middlewares.logging_middleware - INFO - User: {'username': 'hojiakbar_0628', 'user_id': 5050150433, 'chat_id': 5050150433, 'message_id': 1112, 'content': 'No text', 'latitude': 39.824955, 'longitude': 68.914403}
2024-07-11 14:24:32,616 - bot.middlewares.logging_middleware - INFO - hojiakbar_0628: Uroteppa Sughd Tajikistan
2024-07-11 14:24:32,617 - bot.middlewares.logging_middleware - INFO - Request: https://weatherapi-com.p.rapidapi.com/current.json?q=39.824955,68.914403 it's <200>
2024-07-11 14:25:59,795 - bot.middlewares.logging_middleware - INFO - User: {'username': 'hojiakbar_0628', 'user_id': 5050150433, 'chat_id': 5050150433, 'message_id': 1115, 'content': '/start'}
2024-07-11 14:26:00,181 - bot.middlewares.logging_middleware - INFO - 5050150433 hojiakbar_0628 is ChatMemberStatus.MEMBER
2024-07-11 14:26:15,366 - bot.middlewares.logging_middleware - INFO - User: {'username': 'hojiakbar_0628', 'user_id': 5050150433, 'chat_id': 5050150433, 'message_id': 1116, 'content': '/start'}
2024-07-11 14:26:15,817 - bot.middlewares.logging_middleware - INFO - 5050150433 hojiakbar_0628 is ChatMemberStatus.LEFT
2024-07-11 14:26:53,697 - bot.middlewares.logging_middleware - INFO - User: {'username': 'hojiakbar_0628', 'user_id': 5050150433, 'chat_id': 5050150433, 'message_id': 1118, 'content': '/start'}
2024-07-11 14:26:54,014 - bot.middlewares.logging_middleware - INFO - 5050150433 hojiakbar_0628 is ChatMemberStatus.MEMBER
2024-07-11 16:09:18,417 - bot.middlewares.logging_middleware - INFO - User: {'username': 'hojiakbar_0628', 'user_id': 5050150433, 'chat_id': 5050150433, 'message_id': 1119, 'content': '/get_weather'}
2024-07-11 16:16:16,802 - bot.middlewares.logging_middleware - INFO - User: {'username': 'hojiakbar_0628', 'user_id': 5050150433, 'chat_id': 5050150433, 'message_id': 1122, 'content': '/start'}
2024-07-11 16:16:23,134 - bot.middlewares.logging_middleware - INFO - User: {'username': 'hojiakbar_0628', 'user_id': 5050150433, 'chat_id': 5050150433, 'message_id': 1123, 'content': '/register'}
2024-07-11 16:21:23,435 - bot.middlewares.logging_middleware - INFO - User: {'username': 'hojiakbar_0628', 'user_id': 5050150433, 'chat_id': 5050150433, 'message_id': 1129, 'content': '/get_weather'}
2024-07-11 16:22:56,072 - bot.middlewares.logging_middleware - INFO - User: {'username': 'hojiakbar_0628', 'user_id': 5050150433, 'chat_id': 5050150433, 'message_id': 1131, 'content': '/get_weather'}
2024-07-11 16:31:32,601 - bot.middlewares.logging_middleware - INFO - User: {'username': 'hojiakbar_0628', 'user_id': 5050150433, 'chat_id': 5050150433, 'message_id': 1133, 'content': '/get_weather'}
2024-07-11 16:32:36,159 - bot.middlewares.logging_middleware - INFO - User: {'username': 'hojiakbar_0628', 'user_id': 5050150433, 'chat_id': 5050150433, 'message_id': 1137, 'content': '/get_weather'}
2024-07-11 20:49:16,563 - bot.middlewares.logging_middleware - INFO - User: {'username': 'hojiakbar_0628', 'user_id': 5050150433, 'chat_id': 5050150433, 'message_id': 1150, 'content': '/start'}
2024-07-11 20:49:22,253 - bot.middlewares.logging_middleware - INFO - User: {'username': 'hojiakbar_0628', 'user_id': 5050150433, 'chat_id': 5050150433, 'message_id': 1151, 'content': '/register'}
2024-07-11 20:50:55,885 - bot.middlewares.logging_middleware - INFO - User: {'username': 'hojiakbar_0628', 'user_id': 5050150433, 'chat_id': 5050150433, 'message_id': 1153, 'content': '/register'}
2024-07-11 20:50:59,361 - bot.middlewares.logging_middleware - INFO - User: {'username': 'hojiakbar_0628', 'user_id': 5050150433, 'chat_id': 5050150433, 'message_id': 1155, 'content': 'Hojiakbar'}
2024-07-11 20:51:10,198 - bot.middlewares.logging_middleware - INFO - User: {'username': 'hojiakbar_0628', 'user_id': 5050150433, 'chat_id': 5050150433, 'message_id': 1157, 'content': 'Nasriddinov\\'}
2024-07-11 20:51:14,255 - bot.middlewares.logging_middleware - INFO - User: {'username': 'hojiakbar_0628', 'user_id': 5050150433, 'chat_id': 5050150433, 'message_id': 1159, 'content': 'No text'}
2024-07-11 20:51:16,812 - bot.middlewares.logging_middleware - INFO - User: {'username': 'hojiakbar_0628', 'user_id': 5050150433, 'chat_id': 5050150433, 'message_id': 1161, 'content': 'Erkak'}
2024-07-11 20:51:38,368 - bot.middlewares.logging_middleware - INFO - User: {'username': 'hojiakbar_0628', 'user_id': 5050150433, 'chat_id': 5050150433, 'message_id': 1163, 'content': 'Tashlab ketish'}
2024-07-11 20:51:40,657 - bot.middlewares.logging_middleware - INFO - User: {'username': 'hojiakbar_0628', 'user_id': 5050150433, 'chat_id': 5050150433, 'message_id': 1165, 'content': 'Tashlab ketish'}
2024-07-11 20:52:13,030 - bot.middlewares.logging_middleware - INFO - User: {'username': 'hojiakbar_0628', 'user_id': 5050150433, 'chat_id': 5050150433, 'message_id': 1167, 'content': 'Ha saqlansin'}
2024-07-11 20:57:54,148 - bot.middlewares.logging_middleware - INFO - User: {'username': 'hojiakbar_0628', 'user_id': 5050150433, 'chat_id': 5050150433, 'message_id': 1169, 'content': '/register'}
2024-07-11 20:57:57,315 - bot.middlewares.logging_middleware - INFO - User: {'username': 'hojiakbar_0628', 'user_id': 5050150433, 'chat_id': 5050150433, 'message_id': 1171, 'content': 'Hojiwe'}
2024-07-11 20:57:58,530 - bot.middlewares.logging_middleware - INFO - User: {'username': 'hojiakbar_0628', 'user_id': 5050150433, 'chat_id': 5050150433, 'message_id': 1173, 'content': 'wdwedwed'}
2024-07-11 20:58:01,016 - bot.middlewares.logging_middleware - INFO - User: {'username': 'hojiakbar_0628', 'user_id': 5050150433, 'chat_id': 5050150433, 'message_id': 1175, 'content': 'No text'}
2024-07-11 20:58:02,234 - bot.middlewares.logging_middleware - INFO - User: {'username': 'hojiakbar_0628', 'user_id': 5050150433, 'chat_id': 5050150433, 'message_id': 1177, 'content': 'Erkak'}
2024-07-11 20:58:03,870 - bot.middlewares.logging_middleware - INFO - User: {'username': 'hojiakbar_0628', 'user_id': 5050150433, 'chat_id': 5050150433, 'message_id': 1179, 'content': 'Tashlab ketish'}
2024-07-11 20:58:04,982 - bot.middlewares.logging_middleware - INFO - User: {'username': 'hojiakbar_0628', 'user_id': 5050150433, 'chat_id': 5050150433, 'message_id': 1181, 'content': 'Tashlab ketish'}
2024-07-11 20:58:06,751 - bot.middlewares.logging_middleware - INFO - User: {'username': 'hojiakbar_0628', 'user_id': 5050150433, 'chat_id': 5050150433, 'message_id': 1183, 'content': 'Ha saqlansin'}
2024-07-11 20:59:38,509 - bot.middlewares.logging_middleware - INFO - User: {'username': 'hojiakbar_0628', 'user_id': 5050150433, 'chat_id': 5050150433, 'message_id': 1185, 'content': '/register'}
2024-07-11 20:59:41,469 - bot.middlewares.logging_middleware - INFO - User: {'username': 'hojiakbar_0628', 'user_id': 5050150433, 'chat_id': 5050150433, 'message_id': 1187, 'content': 'Hojiakbar'}
2024-07-11 20:59:43,949 - bot.middlewares.logging_middleware - INFO - User: {'username': 'hojiakbar_0628', 'user_id': 5050150433, 'chat_id': 5050150433, 'message_id': 1189, 'content': 'Nasriddinov'}
2024-07-11 20:59:46,910 - bot.middlewares.logging_middleware - INFO - User: {'username': 'hojiakbar_0628', 'user_id': 5050150433, 'chat_id': 5050150433, 'message_id': 1191, 'content': 'No text'}
2024-07-11 20:59:48,305 - bot.middlewares.logging_middleware - INFO - User: {'username': 'hojiakbar_0628', 'user_id': 5050150433, 'chat_id': 5050150433, 'message_id': 1193, 'content': 'Erkak'}
2024-07-11 20:59:49,520 - bot.middlewares.logging_middleware - INFO - User: {'username': 'hojiakbar_0628', 'user_id': 5050150433, 'chat_id': 5050150433, 'message_id': 1195, 'content': 'Tashlab ketish'}
2024-07-11 20:59:50,599 - bot.middlewares.logging_middleware - INFO - User: {'username': 'hojiakbar_0628', 'user_id': 5050150433, 'chat_id': 5050150433, 'message_id': 1197, 'content': 'Tashlab ketish'}
2024-07-11 20:59:54,291 - bot.middlewares.logging_middleware - INFO - User: {'username': 'hojiakbar_0628', 'user_id': 5050150433, 'chat_id': 5050150433, 'message_id': 1199, 'content': 'Ha saqlansin'}
2024-07-11 21:00:45,842 - bot.middlewares.logging_middleware - INFO - User: {'username': 'hojiakbar_0628', 'user_id': 5050150433, 'chat_id': 5050150433, 'message_id': 1200, 'content': '/register'}
2024-07-11 21:00:48,882 - bot.middlewares.logging_middleware - INFO - User: {'username': 'hojiakbar_0628', 'user_id': 5050150433, 'chat_id': 5050150433, 'message_id': 1202, 'content': 'Hojiakbar'}
2024-07-11 21:00:51,192 - bot.middlewares.logging_middleware - INFO - User: {'username': 'hojiakbar_0628', 'user_id': 5050150433, 'chat_id': 5050150433, 'message_id': 1204, 'content': 'Nasriddinov'}
2024-07-11 21:00:54,681 - bot.middlewares.logging_middleware - INFO - User: {'username': 'hojiakbar_0628', 'user_id': 5050150433, 'chat_id': 5050150433, 'message_id': 1206, 'content': 'No text'}
2024-07-11 21:00:55,864 - bot.middlewares.logging_middleware - INFO - User: {'username': 'hojiakbar_0628', 'user_id': 5050150433, 'chat_id': 5050150433, 'message_id': 1208, 'content': 'Erkak'}
2024-07-11 21:00:57,394 - bot.middlewares.logging_middleware - INFO - User: {'username': 'hojiakbar_0628', 'user_id': 5050150433, 'chat_id': 5050150433, 'message_id': 1210, 'content': 'Tashlab ketish'}
2024-07-11 21:00:58,448 - bot.middlewares.logging_middleware - INFO - User: {'username': 'hojiakbar_0628', 'user_id': 5050150433, 'chat_id': 5050150433, 'message_id': 1212, 'content': 'Tashlab ketish'}
2024-07-11 21:01:00,805 - bot.middlewares.logging_middleware - INFO - User: {'username': 'hojiakbar_0628', 'user_id': 5050150433, 'chat_id': 5050150433, 'message_id': 1214, 'content': 'Ha saqlansin'}
2024-07-11 21:01:52,883 - bot.middlewares.logging_middleware - INFO - User: {'username': 'hojiakbar_0628', 'user_id': 5050150433, 'chat_id': 5050150433, 'message_id': 1216, 'content': '/start'}
2024-07-11 21:01:54,685 - bot.middlewares.logging_middleware - INFO - User: {'username': 'hojiakbar_0628', 'user_id': 5050150433, 'chat_id': 5050150433, 'message_id': 1217, 'content': '/register'}
2024-07-11 21:01:57,259 - bot.middlewares.logging_middleware - INFO - User: {'username': 'hojiakbar_0628', 'user_id': 5050150433, 'chat_id': 5050150433, 'message_id': 1219, 'content': 'Hojiakbar'}
2024-07-11 21:01:59,564 - bot.middlewares.logging_middleware - INFO - User: {'username': 'hojiakbar_0628', 'user_id': 5050150433, 'chat_id': 5050150433, 'message_id': 1221, 'content': 'Nasriddinov'}
2024-07-11 21:02:01,621 - bot.middlewares.logging_middleware - INFO - User: {'username': 'hojiakbar_0628', 'user_id': 5050150433, 'chat_id': 5050150433, 'message_id': 1223, 'content': 'No text'}
2024-07-11 21:02:02,744 - bot.middlewares.logging_middleware - INFO - User: {'username': 'hojiakbar_0628', 'user_id': 5050150433, 'chat_id': 5050150433, 'message_id': 1225, 'content': 'Erkak'}
2024-07-11 21:02:05,106 - bot.middlewares.logging_middleware - INFO - User: {'username': 'hojiakbar_0628', 'user_id': 5050150433, 'chat_id': 5050150433, 'message_id': 1227, 'content': 'Tashlab ketish'}
2024-07-11 21:02:06,044 - bot.middlewares.logging_middleware - INFO - User: {'username': 'hojiakbar_0628', 'user_id': 5050150433, 'chat_id': 5050150433, 'message_id': 1229, 'content': 'Tashlab ketish'}
2024-07-11 21:02:07,670 - bot.middlewares.logging_middleware - INFO - User: {'username': 'hojiakbar_0628', 'user_id': 5050150433, 'chat_id': 5050150433, 'message_id': 1231, 'content': 'Ha saqlansin'}
2024-07-11 21:02:20,599 - bot.middlewares.logging_middleware - INFO - User: {'username': 'hojiakbar_0628', 'user_id': 5050150433, 'chat_id': 5050150433, 'message_id': 1233, 'content': '/get_weather'}
2024-07-11 21:02:29,419 - bot.middlewares.logging_middleware - INFO - User: {'username': 'hojiakbar_0628', 'user_id': 5050150433, 'chat_id': 5050150433, 'message_id': 1234, 'content': '/get_weather'}
2024-07-11 21:02:34,754 - bot.middlewares.logging_middleware - INFO - User: {'username': 'hojiakbar_0628', 'user_id': 5050150433, 'chat_id': 5050150433, 'message_id': 1235, 'content': '/get_weather'}
2024-07-11 21:02:35,260 - bot.middlewares.logging_middleware - INFO - User: {'username': 'hojiakbar_0628', 'user_id': 5050150433, 'chat_id': 5050150433, 'message_id': 1236, 'content': '/get_weather'}
2024-07-11 21:02:36,328 - bot.middlewares.logging_middleware - INFO - User: {'username': 'hojiakbar_0628', 'user_id': 5050150433, 'chat_id': 5050150433, 'message_id': 1237, 'content': '/get_weather'}
2024-07-11 21:03:28,823 - bot.middlewares.logging_middleware - INFO - User: {'username': 'hojiakbar_0628', 'user_id': 5050150433, 'chat_id': 5050150433, 'message_id': 1238, 'content': '/register'}
2024-07-11 21:03:30,706 - bot.middlewares.logging_middleware - INFO - User: {'username': 'hojiakbar_0628', 'user_id': 5050150433, 'chat_id': 5050150433, 'message_id': 1240, 'content': '/my_info'}
2024-07-11 21:03:36,762 - bot.middlewares.logging_middleware - INFO - User: {'username': 'hojiakbar_0628', 'user_id': 5050150433, 'chat_id': 5050150433, 'message_id': 1242, 'content': '/get_weather'}
2024-07-11 21:03:38,348 - bot.middlewares.logging_middleware - INFO - User: {'username': 'hojiakbar_0628', 'user_id': 5050150433, 'chat_id': 5050150433, 'message_id': 1244, 'content': '/post_channel'}
2024-07-11 21:03:41,146 - bot.middlewares.logging_middleware - INFO - User: {'username': 'hojiakbar_0628', 'user_id': 5050150433, 'chat_id': 5050150433, 'message_id': 1246, 'content': '/get_weather'}
2024-07-11 21:03:47,154 - bot.middlewares.logging_middleware - INFO - User: {'username': 'hojiakbar_0628', 'user_id': 5050150433, 'chat_id': 5050150433, 'message_id': 1248, 'content': '/post_channel'}
2024-07-11 21:05:32,052 - bot.middlewares.logging_middleware - INFO - User: {'username': 'hojiakbar_0628', 'user_id': 5050150433, 'chat_id': 5050150433, 'message_id': 1250, 'content': '/get_weather'}
2024-07-11 21:05:47,457 - bot.middlewares.logging_middleware - INFO - User: {'username': 'hojiakbar_0628', 'user_id': 5050150433, 'chat_id': 5050150433, 'message_id': 1252, 'content': '/get_weather'}
2024-07-11 21:05:59,276 - bot.middlewares.logging_middleware - INFO - User: {'username': 'hojiakbar_0628', 'user_id': 5050150433, 'chat_id': 5050150433, 'message_id': 1254, 'content': 'No text', 'latitude': 41.365803, 'longitude': 64.687511}
2024-07-11 21:06:00,212 - bot.middlewares.logging_middleware - INFO - hojiakbar_0628: Muruntau Nawoiy Uzbekistan
2024-07-11 21:06:00,213 - bot.middlewares.logging_middleware - INFO - Request: https://weatherapi-com.p.rapidapi.com/current.json?q=41.365803,64.687511 it's <200>
2024-07-11 22:14:44,585 - bot.middlewares.logging_middleware - INFO - User: {'username': 'hojiakbar_0628', 'user_id': 5050150433, 'chat_id': 5050150433, 'message_id': 1257, 'content': '/get_weather'}
2024-07-11 22:15:55,794 - bot.middlewares.logging_middleware - INFO - User: {'username': 'hojiakbar_0628', 'user_id': 5050150433, 'chat_id': 5050150433, 'message_id': 1259, 'content': '/get_weather'}
2024-07-11 22:18:21,898 - bot.middlewares.logging_middleware - INFO - User: {'username': 'hojiakbar_0628', 'user_id': 5050150433, 'chat_id': 5050150433, 'message_id': 1263, 'content': '/get_weather'}
2024-07-11 22:19:00,871 - bot.middlewares.logging_middleware - INFO - User: {'username': 'hojiakbar_0628', 'user_id': 5050150433, 'chat_id': 5050150433, 'message_id': 1266, 'content': 'No text', 'latitude': 41.365803, 'longitude': 64.687511}
2024-07-11 22:19:02,222 - bot.middlewares.logging_middleware - INFO - hojiakbar_0628: Muruntau Nawoiy Uzbekistan
2024-07-11 22:19:02,224 - bot.middlewares.logging_middleware - INFO - Request: https://weatherapi-com.p.rapidapi.com/current.json?q=41.365803,64.687511 it's <200>
2024-07-11 22:23:35,898 - bot.middlewares.logging_middleware - INFO - User: {'username': 'hojiakbar_0628', 'user_id': 5050150433, 'chat_id': -1002173112878, 'message_id': 30, 'content': '/get_weather@saodat_asriga_qaytib_bot'}
2024-07-11 22:29:28,335 - bot.middlewares.logging_middleware - INFO - User: {'username': 'hojiakbar_0628', 'user_id': 5050150433, 'chat_id': 5050150433, 'message_id': 1269, 'content': '/get_weather'}
2024-07-11 22:31:29,965 - bot.middlewares.logging_middleware - INFO - Xabarni o'chirishga ruxsat yo'q
2024-07-11 22:47:12,653 - bot.middlewares.logging_middleware - INFO - User: {'username': 'hojiakbar_0628', 'user_id': 5050150433, 'chat_id': 5050150433, 'message_id': 1273, 'content': '/my_info'}
2024-07-11 22:47:42,021 - bot.middlewares.logging_middleware - INFO - User: {'username': 'hojiakbar_0628', 'user_id': 5050150433, 'chat_id': 5050150433, 'message_id': 1274, 'content': '/my_info'}
2024-07-11 22:52:21,414 - bot.middlewares.logging_middleware - INFO - User: {'username': 'hojiakbar_0628', 'user_id': 5050150433, 'chat_id': 5050150433, 'message_id': 1275, 'content': '/my_info'}
2024-07-11 23:16:37,336 - bot.middlewares.logging_middleware - INFO - User: {'username': 'hojiakbar_0628', 'user_id': 5050150433, 'chat_id': 5050150433, 'message_id': 1276, 'content': '/my_info'}
2024-07-11 23:16:39,053 - bot.middlewares.logging_middleware - INFO - User: {'username': 'hojiakbar_0628', 'user_id': 5050150433, 'chat_id': 5050150433, 'message_id': 1277, 'content': '/my_info'}
2024-07-11 23:26:15,241 - bot.middlewares.logging_middleware - INFO - User: {'username': 'hojiakbar_0628', 'user_id': 5050150433, 'chat_id': 5050150433, 'message_id': 1278, 'content': '/my_info'}
2024-07-11 23:28:44,890 - bot.middlewares.logging_middleware - INFO - User: {'username': 'hojiakbar_0628', 'user_id': 5050150433, 'chat_id': 5050150433, 'message_id': 1279, 'content': '/my_info'}
2024-07-11 23:29:05,420 - bot.middlewares.logging_middleware - INFO - User: {'username': 'hojiakbar_0628', 'user_id': 5050150433, 'chat_id': 5050150433, 'message_id': 1280, 'content': '/my_info'}
2024-07-11 23:29:33,969 - bot.middlewares.logging_middleware - INFO - User: {'username': 'hojiakbar_0628', 'user_id': 5050150433, 'chat_id': 5050150433, 'message_id': 1281, 'content': '/my_info'}
2024-07-11 23:29:46,394 - bot.middlewares.logging_middleware - INFO - User: {'username': 'hojiakbar_0628', 'user_id': 5050150433, 'chat_id': 5050150433, 'message_id': 1282, 'content': '/my_info'}
2024-07-11 23:34:30,164 - bot.middlewares.logging_middleware - INFO - User: {'username': 'hojiakbar_0628', 'user_id': 5050150433, 'chat_id': 5050150433, 'message_id': 1283, 'content': '/my_info'}
2024-07-11 23:37:46,810 - bot.middlewares.logging_middleware - INFO - User: {'username': 'hojiakbar_0628', 'user_id': 5050150433, 'chat_id': 5050150433, 'message_id': 1284, 'content': '/my_info'}
2024-07-11 23:38:06,133 - bot.middlewares.logging_middleware - INFO - User: {'username': 'hojiakbar_0628', 'user_id': 5050150433, 'chat_id': 5050150433, 'message_id': 1285, 'content': '/my_info'}
2024-07-11 23:40:54,605 - bot.middlewares.logging_middleware - INFO - User: {'username': 'hojiakbar_0628', 'user_id': 5050150433, 'chat_id': 5050150433, 'message_id': 1286, 'content': '/my_info'}
2024-07-11 23:42:12,914 - bot.middlewares.logging_middleware - INFO - User: {'username': 'hojiakbar_0628', 'user_id': 5050150433, 'chat_id': 5050150433, 'message_id': 1288, 'content': '/my_info'}
2024-07-11 23:44:31,940 - bot.middlewares.logging_middleware - INFO - User: {'username': 'hojiakbar_0628', 'user_id': 5050150433, 'chat_id': 5050150433, 'message_id': 1289, 'content': '/my_info'}
2024-07-11 23:47:48,529 - bot.middlewares.logging_middleware - INFO - User: {'username': 'hojiakbar_0628', 'user_id': 5050150433, 'chat_id': 5050150433, 'message_id': 1291, 'content': '/my_info'}
2024-07-11 23:47:51,156 - bot.middlewares.logging_middleware - INFO - User: {'username': 'hojiakbar_0628', 'user_id': 5050150433, 'chat_id': 5050150433, 'message_id': 1293, 'content': '/register'}
2024-07-11 23:47:53,892 - bot.middlewares.logging_middleware - INFO - User: {'username': 'hojiakbar_0628', 'user_id': 5050150433, 'chat_id': 5050150433, 'message_id': 1295, 'content': 'Hojiakbar'}
2024-07-11 23:47:57,190 - bot.middlewares.logging_middleware - INFO - User: {'username': 'hojiakbar_0628', 'user_id': 5050150433, 'chat_id': 5050150433, 'message_id': 1297, 'content': 'Nasriddinov'}
2024-07-11 23:47:59,241 - bot.middlewares.logging_middleware - INFO - User: {'username': 'hojiakbar_0628', 'user_id': 5050150433, 'chat_id': 5050150433, 'message_id': 1299, 'content': 'No text'}
2024-07-11 23:48:00,505 - bot.middlewares.logging_middleware - INFO - User: {'username': 'hojiakbar_0628', 'user_id': 5050150433, 'chat_id': 5050150433, 'message_id': 1301, 'content': 'Erkak'}
2024-07-11 23:48:23,043 - bot.middlewares.logging_middleware - INFO - User: {'username': 'hojiakbar_0628', 'user_id': 5050150433, 'chat_id': 5050150433, 'message_id': 1303, 'content': 'No text', 'latitude': 41.131761, 'longitude': 69.354602}
2024-07-11 23:48:36,248 - bot.middlewares.logging_middleware - INFO - User: {'username': 'hojiakbar_0628', 'user_id': 5050150433, 'chat_id': 5050150433, 'message_id': 1305, 'content': 'No text', 'photo_ids': ['AgACAgIAAxkBAAIFGWaQKQTXx8Wu2m99dHsDMutoXM8QAALT3zEbSKaBSDytlaoZ_B5wAQADAgADcwADNQQ', 'AgACAgIAAxkBAAIFGWaQKQTXx8Wu2m99dHsDMutoXM8QAALT3zEbSKaBSDytlaoZ_B5wAQADAgADbQADNQQ', 'AgACAgIAAxkBAAIFGWaQKQTXx8Wu2m99dHsDMutoXM8QAALT3zEbSKaBSDytlaoZ_B5wAQADAgADeAADNQQ', 'AgACAgIAAxkBAAIFGWaQKQTXx8Wu2m99dHsDMutoXM8QAALT3zEbSKaBSDytlaoZ_B5wAQADAgADeQADNQQ']}
2024-07-11 23:48:39,088 - bot.middlewares.logging_middleware - INFO - User: {'username': 'hojiakbar_0628', 'user_id': 5050150433, 'chat_id': 5050150433, 'message_id': 1307, 'content': 'Ha saqlansin'}
2024-07-11 23:52:47,397 - bot.middlewares.logging_middleware - INFO - User: {'username': 'hojiakbar_0628', 'user_id': 5050150433, 'chat_id': 5050150433, 'message_id': 1309, 'content': '/my_info'}
2024-07-11 23:52:49,072 - bot.middlewares.logging_middleware - INFO - User: {'username': 'hojiakbar_0628', 'user_id': 5050150433, 'chat_id': 5050150433, 'message_id': 1311, 'content': '/register'}
2024-07-11 23:52:51,488 - bot.middlewares.logging_middleware - INFO - User: {'username': 'hojiakbar_0628', 'user_id': 5050150433, 'chat_id': 5050150433, 'message_id': 1313, 'content': 'Hojiakbar'}
2024-07-11 23:52:53,764 - bot.middlewares.logging_middleware - INFO - User: {'username': 'hojiakbar_0628', 'user_id': 5050150433, 'chat_id': 5050150433, 'message_id': 1315, 'content': 'Nasriddinov'}
2024-07-11 23:52:55,652 - bot.middlewares.logging_middleware - INFO - User: {'username': 'hojiakbar_0628', 'user_id': 5050150433, 'chat_id': 5050150433, 'message_id': 1317, 'content': 'No text'}
2024-07-11 23:52:56,564 - bot.middlewares.logging_middleware - INFO - User: {'username': 'hojiakbar_0628', 'user_id': 5050150433, 'chat_id': 5050150433, 'message_id': 1319, 'content': 'Erkak'}
2024-07-11 23:53:03,626 - bot.middlewares.logging_middleware - INFO - User: {'username': 'hojiakbar_0628', 'user_id': 5050150433, 'chat_id': 5050150433, 'message_id': 1321, 'content': 'No text', 'latitude': 38.301044, 'longitude': 66.241857}
2024-07-11 23:53:27,573 - bot.middlewares.logging_middleware - INFO - User: {'username': 'hojiakbar_0628', 'user_id': 5050150433, 'chat_id': 5050150433, 'message_id': 1324, 'content': 'No text', 'photo_ids': ['AgACAgIAAxkBAAIFLGaQKifWn-PbDI485G7nZSBOBHnyAALe3zEbSKaBSDrKFXvTOoRlAQADAgADcwADNQQ', 'AgACAgIAAxkBAAIFLGaQKifWn-PbDI485G7nZSBOBHnyAALe3zEbSKaBSDrKFXvTOoRlAQADAgADbQADNQQ', 'AgACAgIAAxkBAAIFLGaQKifWn-PbDI485G7nZSBOBHnyAALe3zEbSKaBSDrKFXvTOoRlAQADAgADeAADNQQ', 'AgACAgIAAxkBAAIFLGaQKifWn-PbDI485G7nZSBOBHnyAALe3zEbSKaBSDrKFXvTOoRlAQADAgADeQADNQQ']}
2024-07-11 23:53:33,507 - bot.middlewares.logging_middleware - INFO - User: {'username': 'hojiakbar_0628', 'user_id': 5050150433, 'chat_id': 5050150433, 'message_id': 1326, 'content': 'Ha saqlansin'}
2024-07-11 23:54:32,631 - bot.middlewares.logging_middleware - INFO - User: {'username': 'hojiakbar_0628', 'user_id': 5050150433, 'chat_id': 5050150433, 'message_id': 1327, 'content': '/my_info'}
2024-07-11 23:54:34,170 - bot.middlewares.logging_middleware - INFO - User: {'username': 'hojiakbar_0628', 'user_id': 5050150433, 'chat_id': 5050150433, 'message_id': 1329, 'content': '/register'}
2024-07-11 23:54:35,757 - bot.middlewares.logging_middleware - INFO - User: {'username': 'hojiakbar_0628', 'user_id': 5050150433, 'chat_id': 5050150433, 'message_id': 1331, 'content': 'Hwewed'}
2024-07-11 23:54:36,483 - bot.middlewares.logging_middleware - INFO - User: {'username': 'hojiakbar_0628', 'user_id': 5050150433, 'chat_id': 5050150433, 'message_id': 1333, 'content': 'wedwedwed'}
2024-07-11 23:54:37,134 - bot.middlewares.logging_middleware - INFO - User: {'username': 'hojiakbar_0628', 'user_id': 5050150433, 'chat_id': 5050150433, 'message_id': 1335, 'content': 'wedwed'}
2024-07-11 23:54:39,017 - bot.middlewares.logging_middleware - INFO - User: {'username': 'hojiakbar_0628', 'user_id': 5050150433, 'chat_id': 5050150433, 'message_id': 1337, 'content': 'No text'}
2024-07-11 23:54:39,973 - bot.middlewares.logging_middleware - INFO - User: {'username': 'hojiakbar_0628', 'user_id': 5050150433, 'chat_id': 5050150433, 'message_id': 1339, 'content': 'Erkak'}
2024-07-11 23:54:44,565 - bot.middlewares.logging_middleware - INFO - User: {'username': 'hojiakbar_0628', 'user_id': 5050150433, 'chat_id': 5050150433, 'message_id': 1341, 'content': 'No text', 'latitude': 41.365803, 'longitude': 64.687511}
2024-07-11 23:54:54,585 - bot.middlewares.logging_middleware - INFO - User: {'username': 'hojiakbar_0628', 'user_id': 5050150433, 'chat_id': 5050150433, 'message_id': 1343, 'content': 'No text', 'photo_ids': ['AgACAgIAAxkBAAIFP2aQKn7uQ1JLzlt6NpksYWa158ciAALg3zEbSKaBSI28q1_4c4DaAQADAgADcwADNQQ', 'AgACAgIAAxkBAAIFP2aQKn7uQ1JLzlt6NpksYWa158ciAALg3zEbSKaBSI28q1_4c4DaAQADAgADbQADNQQ']}
2024-07-11 23:54:58,529 - bot.middlewares.logging_middleware - INFO - User: {'username': 'hojiakbar_0628', 'user_id': 5050150433, 'chat_id': 5050150433, 'message_id': 1345, 'content': 'Ha saqlansin'}
2024-07-11 23:55:02,669 - bot.middlewares.logging_middleware - INFO - User: {'username': 'hojiakbar_0628', 'user_id': 5050150433, 'chat_id': 5050150433, 'message_id': 1347, 'content': '/my_info'}
2024-07-11 23:55:18,807 - bot.middlewares.logging_middleware - INFO - User: {'username': 'hojiakbar_0628', 'user_id': 5050150433, 'chat_id': 5050150433, 'message_id': 1349, 'content': '/my_info'}
2024-07-11 23:56:34,546 - bot.middlewares.logging_middleware - INFO - User: {'username': 'hojiakbar_0628', 'user_id': 5050150433, 'chat_id': 5050150433, 'message_id': 1351, 'content': '/register'}
2024-07-11 23:56:37,465 - bot.middlewares.logging_middleware - INFO - User: {'username': 'hojiakbar_0628', 'user_id': 5050150433, 'chat_id': 5050150433, 'message_id': 1353, 'content': 'Hojiakbar'}
2024-07-11 23:56:40,715 - bot.middlewares.logging_middleware - INFO - User: {'username': 'hojiakbar_0628', 'user_id': 5050150433, 'chat_id': 5050150433, 'message_id': 1355, 'content': 'Nasriddinov'}
2024-07-11 23:56:42,320 - bot.middlewares.logging_middleware - INFO - User: {'username': 'hojiakbar_0628', 'user_id': 5050150433, 'chat_id': 5050150433, 'message_id': 1357, 'content': 'No text'}
2024-07-11 23:56:43,434 - bot.middlewares.logging_middleware - INFO - User: {'username': 'hojiakbar_0628', 'user_id': 5050150433, 'chat_id': 5050150433, 'message_id': 1359, 'content': 'Erkak'}
2024-07-11 23:56:51,249 - bot.middlewares.logging_middleware - INFO - User: {'username': 'hojiakbar_0628', 'user_id': 5050150433, 'chat_id': 5050150433, 'message_id': 1361, 'content': 'No text', 'latitude': 39.702342, 'longitude': 64.836289}
2024-07-11 23:57:01,188 - bot.middlewares.logging_middleware - INFO - User: {'username': 'hojiakbar_0628', 'user_id': 5050150433, 'chat_id': 5050150433, 'message_id': 1363, 'content': 'No text', 'photo_ids': ['AgACAgIAAxkBAAIFU2aQKv3-U6DmGzp-Jo4S8O8qcU2nAALj3zEbSKaBSFGuLQOQ6fKsAQADAgADcwADNQQ', 'AgACAgIAAxkBAAIFU2aQKv3-U6DmGzp-Jo4S8O8qcU2nAALj3zEbSKaBSFGuLQOQ6fKsAQADAgADbQADNQQ', 'AgACAgIAAxkBAAIFU2aQKv3-U6DmGzp-Jo4S8O8qcU2nAALj3zEbSKaBSFGuLQOQ6fKsAQADAgADeAADNQQ', 'AgACAgIAAxkBAAIFU2aQKv3-U6DmGzp-Jo4S8O8qcU2nAALj3zEbSKaBSFGuLQOQ6fKsAQADAgADeQADNQQ']}
2024-07-11 23:57:03,124 - bot.middlewares.logging_middleware - INFO - User: {'username': 'hojiakbar_0628', 'user_id': 5050150433, 'chat_id': 5050150433, 'message_id': 1365, 'content': 'Ha saqlansin'}
2024-07-11 23:57:08,216 - bot.middlewares.logging_middleware - INFO - User: {'username': 'hojiakbar_0628', 'user_id': 5050150433, 'chat_id': 5050150433, 'message_id': 1367, 'content': '/my_info'}
2024-07-12 00:20:00,838 - bot.middlewares.logging_middleware - INFO - User: {'username': 'hojiakbar_0628', 'user_id': 5050150433, 'chat_id': 5050150433, 'message_id': 1369, 'content': '/start'}
2024-07-12 00:20:13,351 - bot.middlewares.logging_middleware - INFO - User: {'username': 'hojiakbar_0628', 'user_id': 5050150433, 'chat_id': 5050150433, 'message_id': 1370, 'content': '/get_weather'}
2024-07-12 00:20:39,629 - bot.middlewares.logging_middleware - INFO - User: {'username': 'hojiakbar_0628', 'user_id': 5050150433, 'chat_id': 5050150433, 'message_id': 1373, 'content': '/start'}
2024-07-12 00:20:54,739 - bot.middlewares.logging_middleware - INFO - User: {'username': 'hojiakbar_0628', 'user_id': 5050150433, 'chat_id': 5050150433, 'message_id': 1374, 'content': '/start'}
2024-07-12 00:21:05,086 - bot.middlewares.logging_middleware - INFO - User: {'username': 'hojiakbar_0628', 'user_id': 5050150433, 'chat_id': 5050150433, 'message_id': 1375, 'content': '/start'}
2024-07-12 00:21:13,047 - bot.middlewares.logging_middleware - INFO - User: {'username': 'hojiakbar_0628', 'user_id': 5050150433, 'chat_id': 5050150433, 'message_id': 1376, 'content': '/add_likee'}
2024-07-12 00:21:19,762 - bot.middlewares.logging_middleware - INFO - User: {'username': 'hojiakbar_0628', 'user_id': 5050150433, 'chat_id': 5050150433, 'message_id': 1378, 'content': 'Assalomu aleykum'}
2024-07-12 00:21:21,605 - bot.middlewares.logging_middleware - INFO - User: {'username': 'hojiakbar_0628', 'user_id': 5050150433, 'chat_id': 5050150433, 'message_id': 1380, 'content': 'Ha'}
2024-07-12 00:57:44,703 - bot.middlewares.logging_middleware - INFO - User: {'username': 'hojiakbar_0628', 'user_id': 5050150433, 'chat_id': 5050150433, 'message_id': 1382, 'content': '/add_likee'}
2024-07-12 00:57:52,504 - bot.middlewares.logging_middleware - INFO - User: {'username': 'hojiakbar_0628', 'user_id': 5050150433, 'chat_id': 5050150433, 'message_id': 1384, 'content': 'assalomu aleykum'}
2024-07-12 00:57:54,595 - bot.middlewares.logging_middleware - INFO - User: {'username': 'hojiakbar_0628', 'user_id': 5050150433, 'chat_id': 5050150433, 'message_id': 1386, 'content': 'Ha'}
2024-07-12 01:20:56,543 - bot.middlewares.logging_middleware - INFO - User: {'username': 'hojiakbar_0628', 'user_id': 5050150433, 'chat_id': 5050150433, 'message_id': 1388, 'content': '/start'}
2024-07-12 01:20:58,382 - bot.middlewares.logging_middleware - INFO - User: {'username': 'hojiakbar_0628', 'user_id': 5050150433, 'chat_id': 5050150433, 'message_id': 1389, 'content': '/register'}
2024-07-12 01:21:02,014 - bot.middlewares.logging_middleware - INFO - User: {'username': 'hojiakbar_0628', 'user_id': 5050150433, 'chat_id': 5050150433, 'message_id': 1391, 'content': 'Hojiakbar'}
2024-07-12 01:21:04,398 - bot.middlewares.logging_middleware - INFO - User: {'username': 'hojiakbar_0628', 'user_id': 5050150433, 'chat_id': 5050150433, 'message_id': 1393, 'content': 'Nasriddinov'}
2024-07-12 01:21:06,461 - bot.middlewares.logging_middleware - INFO - User: {'username': 'hojiakbar_0628', 'user_id': 5050150433, 'chat_id': 5050150433, 'message_id': 1395, 'content': 'No text'}
2024-07-12 01:21:07,524 - bot.middlewares.logging_middleware - INFO - User: {'username': 'hojiakbar_0628', 'user_id': 5050150433, 'chat_id': 5050150433, 'message_id': 1397, 'content': 'Erkak'}
2024-07-12 01:21:19,499 - bot.middlewares.logging_middleware - INFO - User: {'username': 'hojiakbar_0628', 'user_id': 5050150433, 'chat_id': 5050150433, 'message_id': 1399, 'content': 'No text', 'latitude': 39.956113, 'longitude': 66.563443}
2024-07-12 01:21:31,569 - bot.middlewares.logging_middleware - INFO - User: {'username': 'hojiakbar_0628', 'user_id': 5050150433, 'chat_id': 5050150433, 'message_id': 1401, 'content': 'No text', 'photo_ids': ['AgACAgIAAxkBAAIFeWaQPsup9r-vK6_IWtAB4iqvrywiAALj3zEbSKaBSFGuLQOQ6fKsAQADAgADcwADNQQ', 'AgACAgIAAxkBAAIFeWaQPsup9r-vK6_IWtAB4iqvrywiAALj3zEbSKaBSFGuLQOQ6fKsAQADAgADbQADNQQ', 'AgACAgIAAxkBAAIFeWaQPsup9r-vK6_IWtAB4iqvrywiAALj3zEbSKaBSFGuLQOQ6fKsAQADAgADeAADNQQ', 'AgACAgIAAxkBAAIFeWaQPsup9r-vK6_IWtAB4iqvrywiAALj3zEbSKaBSFGuLQOQ6fKsAQADAgADeQADNQQ']}
2024-07-12 01:21:33,567 - bot.middlewares.logging_middleware - INFO - User: {'username': 'hojiakbar_0628', 'user_id': 5050150433, 'chat_id': 5050150433, 'message_id': 1403, 'content': 'Ha saqlansin'}
2024-07-12 01:21:38,816 - bot.middlewares.logging_middleware - INFO - User: {'username': 'hojiakbar_0628', 'user_id': 5050150433, 'chat_id': 5050150433, 'message_id': 1405, 'content': '/my_info'}
2024-07-12 01:21:48,252 - bot.middlewares.logging_middleware - INFO - User: {'username': 'hojiakbar_0628', 'user_id': 5050150433, 'chat_id': 5050150433, 'message_id': 1407, 'content': '/play'}
